Processing request for path: /api/users/me
Processing request for path: /api/docs
Processing request for path: /api/openapi.json
Processing request for path: /api/users/me
Processing request for path: /api/stats
Processing request for path: /api/docs
Processing request for path: /api/openapi.json
Processing request for path: /api/events/today
Processing request for path: /api/events/today
Processing request for path: /api/events/today
Processing request for path: /api/events/today
Processing request for path: /api/templates
Processing request for path: /api/events/today
Processing request for path: /api/event/today
Processing request for path: /api/docs
Processing request for path: /api/openapi.json
Processing request for path: /api/events/today
Processing request for path: /api/events/today
Processing request for path: /api/events/today
Processing request for path: /api/events/today
Processing request for path: /api/events/today
Processing request for path: /api/events/today
Processing request for path: /api/events/today
Processing request for path: /api/events/today
Processing request for path: /api/events/today
Processing request for path: /api/events/today
Processing request for path: /api/notify-discord
Processing request for path: /api/notify-discord
Processing request for path: /api/notify-discord/
Processing request for path: /api/notify-discord/
Processing request for path: /api/notify-discord
Processing request for path: /api/notify-discord
Processing request for path: /api/notify-discord/
Processing request for path: /api/notify-discord/
Processing request for path: /api/notify-discord
Processing request for path: /api/notify-discord
Processing request for path: /api/notify-discord/
Processing request for path: /api/notify-discord/
Processing request for path: /api/events/today
Processing request for path: /api/events/today
Processing request for path: /api/notify-discord
Processing request for path: /api/notify-discord
Processing request for path: /api/notify-discord/
Processing request for path: /api/notify-discord/
Processing request for path: /api/events/today
Processing request for path: /api/notify-discord
Processing request for path: /api/notify-discord
Processing request for path: /api/notify-discord/
Processing request for path: /api/notify-discord/
Processing request for path: /api/notify-discord
Processing request for path: /api/notify-discord
Processing request for path: /api/notify-discord/
Processing request for path: /api/notify-discord/
Processing request for path: /api/events/today
Processing request for path: /api/notify-discord
Processing request for path: /api/notify-discord/
Processing request for path: /api/events/today
Processing request for path: /api/events/today
Processing request for path: /api/events/today
Processing request for path: /api/notify-discord
Processing request for path: /api/notify-discord/
Processing request for path: /api/events/today
Processing request for path: /api/events/today
Processing request for path: /api/events/today
Processing request for path: /api/events/today
Processing request for path: /api/events/today
Processing request for path: /api/events/today
Processing request for path: /api/events/today
Processing request for path: /api/events/today
Processing request for path: /api/events/today
Processing request for path: /api/events/today
Processing request for path: /api/events/today
Processing request for path: /api/events/today
Processing request for path: /api/notify-discord
Processing request for path: /api/notify-discord/
Processing request for path: /api/events/today
Processing request for path: /api/events/today
Processing request for path: /api/events/today
Processing request for path: /api/events/today
Processing request for path: /api/events/today
Processing request for path: /api/events/today
Processing request for path: /api/notify-discord
Processing request for path: /api/notify-discord/
Processing request for path: /api/events/today
Processing request for path: /api/events/today
Processing request for path: /api/events/today
Processing request for path: /api/notify-discord
Processing request for path: /api/notify-discord/
Processing request for path: /api/notify-discord
Processing request for path: /api/notify-discord/
Processing request for path: /api/events/today
Processing request for path: /api/events/today
Processing request for path: /api/notify-discord
Processing request for path: /api/notify-discord/
Processing request for path: /api/notify-discord
Processing request for path: /api/notify-discord/
Processing request for path: /api/events/today
Processing request for path: /api/events/today
Processing request for path: /api/events/today
Processing request for path: /api/notify-discord
Processing request for path: /api/notify-discord/
Processing request for path: /api/events/today
Processing request for path: /api/events/today
Processing request for path: /api/events/today
Processing request for path: /api/notify-discord
Processing request for path: /api/notify-discord/
Processing request for path: /api/events/today
Processing request for path: /api/events/today
Processing request for path: /api/events/today
Processing request for path: /api/events/today
Processing request for path: /api/docs
Processing request for path: /api/openapi.json
Processing request for path: /api/users/1
Processing request for path: /api/users/1
Processing request for path: /api/users/1
Processing request for path: /api/users/1
Processing request for path: /api/users/1
Processing request for path: /api/events/today
Processing request for path: /api/events/today
Processing request for path: /api/events/today
Processing request for path: /api/events/today
Processing request for path: /api/events/today
Processing request for path: /api/events/today
Processing request for path: /api/notify-discord
Processing request for path: /api/events/today
Processing request for path: /api/events/today
Processing request for path: /api/events/today
Processing request for path: /api/notify-discord
Processing request for path: /api/notify-discord/
Processing request for path: /api/notify-discord
Processing request for path: /api/notify-discord/
Processing request for path: /api/events/today
Processing request for path: /api/events/today
Processing request for path: /api/events/today
Processing request for path: /api/notify-discord
Processing request for path: /api/notify-discord/
Processing request for path: /api/events/today
Processing request for path: /api/events/today
Processing request for path: /api/events/today
Processing request for path: /api/notify-discord
Processing request for path: /api/notify-discord/
Processing request for path: /api/events/today
Processing request for path: /api/events/today
Processing request for path: /api/events/today
Processing request for path: /api/notify-discord
Processing request for path: /api/events/today
Processing request for path: /api/events/today
Processing request for path: /api/events/today
Processing request for path: /api/notify-discord
Processing request for path: /api/notify-discord/
Processing request for path: /api/events/today
Processing request for path: /api/events/today
Processing request for path: /api/events/today
Processing request for path: /api/notify-discord
Processing request for path: /api/notify-discord/
Processing request for path: /api/notify-discord
Processing request for path: /api/notify-discord/
Processing request for path: /api/events/today
Processing request for path: /api/events/today
Processing request for path: /api/events/today
Processing request for path: /api/notify-discord
Processing request for path: /api/notify-discord/
Processing request for path: /api/events/today
Processing request for path: /api/events/today
Processing request for path: /api/events/today
Processing request for path: /api/notify-discord
Processing request for path: /api/notify-discord/
Processing request for path: /api/notify-discord
Processing request for path: /api/notify-discord/
Processing request for path: /api/events/today
Processing request for path: /api/events/today
Processing request for path: /api/events/today
Processing request for path: /api/notify-discord
Processing request for path: /api/notify-discord/
Processing request for path: /api/notify-discord
Processing request for path: /api/notify-discord/
Processing request for path: /api/notify-discord
Processing request for path: /api/notify-discord/
Processing request for path: /api/events/today
Processing request for path: /api/events/today
Processing request for path: /api/events/today
Processing request for path: /api/notify-discord
Processing request for path: /api/notify-discord/
Processing request for path: /api/notify-discord
Processing request for path: /api/notify-discord
Processing request for path: /api/notify-discord
Processing request for path: /api/notify-discord
Processing request for path: /api/notify-discord
Processing request for path: /api/notify-discord
Processing request for path: /api/events/today
Processing request for path: /api/events/today
Processing request for path: /api/events/today
Processing request for path: /api/events/today
Processing request for path: /api/events/today
Processing request for path: /api/notify-discord
Processing request for path: /api/notify-discord
Processing request for path: /api/events/today
Processing request for path: /api/events/today
Processing request for path: /api/events/today
Processing request for path: /api/notify-discord/notify
Processing request for path: /api/events/today
Processing request for path: /api/events/today
Processing request for path: /api/events/today
Processing request for path: /api/notify-discord/notify
Processing request for path: /api/notify-discord/notify
Processing request for path: /api/notify-discord/notify
Processing request for path: /api/events/today
Processing request for path: /api/events/today
Processing request for path: /api/events/today
Processing request for path: /api/notify-discord/notify
Processing request for path: /api/users/1
Processing request for path: /api/users/1
Processing request for path: /api/events/today
Processing request for path: /api/events/today
Processing request for path: /api/events/today
Processing request for path: /api/events/today
Processing request for path: /api/events/today
Processing request for path: /api/events/today
Processing request for path: /api/events/today
Processing request for path: /api/notify-discord/notify
Processing request for path: /api/notify-discord/notify
Processing request for path: /api/events/today
Processing request for path: /api/events/today
Processing request for path: /api/events/today
Processing request for path: /api/notify-discord/notify
Processing request for path: /api/notify-discord/notify
Processing request for path: /api/events/today
Processing request for path: /api/events/today
Processing request for path: /api/events/today
Processing request for path: /api/notify-discord/notify
Processing request for path: /api/notify-discord/notify
Processing request for path: /api/events/today
Processing request for path: /api/events/today
Processing request for path: /api/events/today
Processing request for path: /api/notify-discord/notify
Processing request for path: /api/notify-discord/notify
Processing request for path: /api/events/today
Processing request for path: /api/events/today
Processing request for path: /api/events/today
Processing request for path: /api/notify-discord/notify
Processing request for path: /api/notify-discord/notify
Processing request for path: /api/events/today
Processing request for path: /api/events/today
Processing request for path: /api/events/today
Processing request for path: /api/notify-discord/notify
Processing request for path: /api/notify-discord/notify
Processing request for path: /api/events/today
Processing request for path: /api/events/today
Processing request for path: /api/events/today
Processing request for path: /api/notify-discord/notify
Processing request for path: /api/notify-discord/notify
Processing request for path: /api/events/today
Processing request for path: /api/events/today
Processing request for path: /api/events/today
Processing request for path: /api/notify-discord/notify
Processing request for path: /api/notify-discord/notify
Processing request for path: /api/notify-discord/notify
Processing request for path: /api/events/today
Processing request for path: /api/events/today
Processing request for path: /api/events/today
Processing request for path: /api/events/today
Processing request for path: /api/events/today
Processing request for path: /api/events/today
Processing request for path: /api/events/today
Processing request for path: /api/events/today
Processing request for path: /api/events/today
Processing request for path: /api/events/today
Processing request for path: /api/events/today
Processing request for path: /api/events/today
Processing request for path: /api/events/today
Processing request for path: /api/events/today
Processing request for path: /api/events/today
Processing request for path: /api/events/today
Processing request for path: /api/events/today
Processing request for path: /api/events/today
Processing request for path: /api/events/today
Processing request for path: /api/events/today
Processing request for path: /api/notify-discord/notify
Processing request for path: /api/notify-discord/notify
Processing request for path: /api/events/today
Processing request for path: /api/events/today
Processing request for path: /api/events/today
Processing request for path: /api/notify-discord/notify
Processing request for path: /api/notify-discord/notify
Processing request for path: /api/events/today
Processing request for path: /api/events/today
Processing request for path: /api/events/today
Processing request for path: /api/notify-discord/notify
Processing request for path: /api/notify-discord/notify
Processing request for path: /api/events/today
Processing request for path: /api/events/today
Processing request for path: /api/events/today
Processing request for path: /api/notify-discord/notify
Processing request for path: /api/notify-discord/notify
Processing request for path: /api/events/today
Processing request for path: /api/events/today
Processing request for path: /api/events/today
Processing request for path: /api/notify-discord/notify
Processing request for path: /api/notify-discord/notify
Processing request for path: /api/events/today
Processing request for path: /api/events/today
Processing request for path: /api/events/today
Processing request for path: /api/notify-discord/notify
Processing request for path: /api/notify-discord/notify
Processing request for path: /api/events/today
Processing request for path: /api/events/today
Processing request for path: /api/events/today
Processing request for path: /api/notify-discord/notify
Processing request for path: /api/notify-discord/notify
Processing request for path: /api/events/today
Processing request for path: /api/events/today
Processing request for path: /api/events/today
Processing request for path: /api/notify-discord/notify
Processing request for path: /api/notify-discord/notify
Processing request for path: /api/events/today
Processing request for path: /api/events/today
Processing request for path: /api/events/today
Processing request for path: /api/notify-discord/notify
Processing request for path: /api/notify-discord/notify
Processing request for path: /api/events/today
Processing request for path: /api/events/today
Processing request for path: /api/events/today
Processing request for path: /api/notify-discord/notify
Processing request for path: /api/notify-discord/notify
Processing request for path: /api/events/today
Processing request for path: /api/events/today
Processing request for path: /api/events/today
Processing request for path: /api/notify-discord/notify
Processing request for path: /api/notify-discord/notify
Processing request for path: /api/events/today
Processing request for path: /api/events/today
Processing request for path: /api/events/today
Processing request for path: /api/notify-discord/notify
Processing request for path: /api/notify-discord/notify
Processing request for path: /api/events/today
Processing request for path: /api/events/today
Processing request for path: /api/events/today
Processing request for path: /api/notify-discord/notify
Processing request for path: /api/notify-discord/notify
Processing request for path: /api/events/today
Processing request for path: /api/events/today
Processing request for path: /api/events/today
Processing request for path: /api/notify-discord/notify
Processing request for path: /api/notify-discord/notify
Processing request for path: /api/events/today
Processing request for path: /api/events/today
Processing request for path: /api/events/today
Processing request for path: /api/notify-discord/notify
Processing request for path: /api/notify-discord/notify
Processing request for path: /api/events/today
Processing request for path: /api/events/today
Processing request for path: /api/events/today
Processing request for path: /api/notify-discord/notify
Processing request for path: /api/notify-discord/notify
Processing request for path: /api/events/today
Processing request for path: /api/events/today
Processing request for path: /api/events/today
Processing request for path: /api/notify-discord/notify
Processing request for path: /api/notify-discord/notify
Processing request for path: /api/events/today
Processing request for path: /api/events/today
Processing request for path: /api/events/today
Processing request for path: /api/notify-discord/notify
Processing request for path: /api/notify-discord/notify
Processing request for path: /api/events/today
Processing request for path: /api/events/today
Processing request for path: /api/events/today
Processing request for path: /api/notify-discord/notify
Processing request for path: /api/notify-discord/notify
Processing request for path: /api/events/today
Processing request for path: /api/events/today
Processing request for path: /api/events/today
Processing request for path: /api/notify-discord/notify
Processing request for path: /api/notify-discord/notify
Processing request for path: /api/events/today
Processing request for path: /api/events/today
Processing request for path: /api/events/today
Processing request for path: /api/notify-discord/notify
Processing request for path: /api/notify-discord/notify
Processing request for path: /api/events/today
Processing request for path: /api/events/today
Processing request for path: /api/events/today
Processing request for path: /api/notify-discord/notify
Processing request for path: /api/notify-discord/notify
Processing request for path: /api/events/today
Processing request for path: /api/events/today
Processing request for path: /api/events/today
Processing request for path: /api/notify-discord/notify
Processing request for path: /api/notify-discord/notify
Processing request for path: /api/events/today
Processing request for path: /api/events/today
Processing request for path: /api/events/today
Processing request for path: /api/notify-discord/notify
Processing request for path: /api/notify-discord/notify
Processing request for path: /api/events/today
Processing request for path: /api/events/today
Processing request for path: /api/events/today
Processing request for path: /api/notify-discord/notify
Processing request for path: /api/notify-discord/notify
Processing request for path: /api/events/today
Processing request for path: /api/events/today
Processing request for path: /api/events/today
Processing request for path: /api/notify-discord/notify
Processing request for path: /api/notify-discord/notify
Processing request for path: /api/events/today
Processing request for path: /api/events/today
Processing request for path: /api/events/today
Processing request for path: /api/notify-discord/notify
Processing request for path: /api/notify-discord/notify
Processing request for path: /api/events/today
Processing request for path: /api/events/today
Processing request for path: /api/events/today
Processing request for path: /api/events/today
Processing request for path: /api/events/today
Processing request for path: /api/events/today
Processing request for path: /api/notify-discord/notify
Processing request for path: /api/events/today
Processing request for path: /api/events/today
Processing request for path: /api/events/today
Processing request for path: /api/notify-discord/notify
Processing request for path: /api/notify-discord/notify
Processing request for path: /api/events/today
Processing request for path: /api/events/today
Processing request for path: /api/events/today
Processing request for path: /api/notify-discord/notify
Processing request for path: /api/notify-discord/notify
Processing request for path: /api/events/today
Processing request for path: /api/events/today
Processing request for path: /api/events/today
Processing request for path: /api/notify-discord/notify
Processing request for path: /api/notify-discord/notify
Processing request for path: /api/events/today
Processing request for path: /api/events/today
Processing request for path: /api/events/today
Processing request for path: /api/notify-discord/notify
Processing request for path: /api/notify-discord/notify
Processing request for path: /api/events/today
Processing request for path: /api/events/today
Processing request for path: /api/events/today
Processing request for path: /api/notify-discord/notify
Processing request for path: /api/notify-discord/notify
Processing request for path: /api/events/today
Processing request for path: /api/events/today
Processing request for path: /api/events/today
Processing request for path: /api/notify-discord/notify
Processing request for path: /api/notify-discord/notify
Processing request for path: /api/events/today
Processing request for path: /api/events/today
Processing request for path: /api/events/today
Processing request for path: /api/events/today
Processing request for path: /api/events/today
Processing request for path: /api/events/today
Processing request for path: /api/events/today
Processing request for path: /api/events/today
Processing request for path: /api/events/today
Processing request for path: /api/events/today
Processing request for path: /api/events/today
Processing request for path: /api/events/today
Processing request for path: /api/events/today
Processing request for path: /api/events/today
Processing request for path: /api/send-reminder
Processing request for path: /api/send-reminder
Processing request for path: /api/send-reminder
Processing request for path: /api/send-reminder
Processing request for path: /api/send-reminder
Processing request for path: /api/events/today
Processing request for path: /api/events/today
Processing request for path: /api/events/today
Processing request for path: /api/events/today
Processing request for path: /api/events/today
Processing request for path: /api/events/today
Processing request for path: /api/events/today
Processing request for path: /api/events/today
Processing request for path: /api/events/today
Processing request for path: /api/events/today
Processing request for path: /api/events/today
Processing request for path: /api/events/today
Processing request for path: /api/notify_discord
Processing request for path: /api/events/today
Processing request for path: /api/events/today
Processing request for path: /api/events/today
Processing request for path: /api/notify_discord
Processing request for path: /api/events/today
Processing request for path: /api/events/today
Processing request for path: /api/events/today
Processing request for path: /api/notify-discord
Processing request for path: /api/notify-discord/
Processing request for path: /api/notify-discord
Processing request for path: /api/notify-discord/
Processing request for path: /api/events/today
Processing request for path: /api/events/today
Processing request for path: /api/events/today
Processing request for path: /api/notify-discord
Processing request for path: /api/notify-discord/
Processing request for path: /api/events/today
Processing request for path: /api/events/today
Processing request for path: /api/events/today
Processing request for path: /api/notify-discord
Processing request for path: /api/notify-discord/
Processing request for path: /api/notify-discord
Processing request for path: /api/notify-discord/
Processing request for path: /api/events/today
Processing request for path: /api/events/today
Processing request for path: /api/events/today
Processing request for path: /api/notify-discord
Processing request for path: /api/notify-discord/
Processing request for path: /api/notify-discord
Processing request for path: /api/notify-discord/
Processing request for path: /api/events/today
Processing request for path: /api/events/today
Processing request for path: /api/events/today
Processing request for path: /api/notify-discord/notify
Processing request for path: /api/notify-discord/notify
Processing request for path: /api/events/today
Processing request for path: /api/events/today
Processing request for path: /api/events/today
Processing request for path: /api/notify-discord/notify
Processing request for path: /api/notify-discord/notify
